<?xml version="1.0" encoding="UTF-8"?>
<testsuite name="demo.AppTest" tests="1" skipped="0" failures="0" errors="0" timestamp="2023-04-21T20:16:19" hostname="ElizabethsMBP4.attlocal.net" time="0.009">
  <properties/>
  <testcase name="appHasAGreeting" classname="demo.AppTest" time="0.009"/>
  <system-out><![CDATA[]]></system-out>
  <system-err><![CDATA[]]></system-err>
</testsuite>
